<?xml version="1.0" encoding="UTF-8"?>
<!-- Generated by org.testng.reporters.JUnitReportReporter -->
<testsuite hostname="DESKTOP-RJCO49F" failures="0" tests="1" name="testCases.TC_004_citizen_LoginTest" time="6.226" errors="0" timestamp="2024-05-07T16:08:34 IST" skipped="0">
  <testcase classname="testCases.TC_004_citizen_LoginTest" name="verify_Citizen_LoginTest" time="6.226"/>
</testsuite> <!-- testCases.TC_004_citizen_LoginTest -->
