<?xml version="1.0" encoding="UTF-8"?>
<!-- Generated by org.testng.reporters.JUnitReportReporter -->
<testsuite hostname="DESKTOP-RJCO49F" failures="0" tests="1" name="testCases.TC_003_LogoutTest" time="6.825" errors="0" timestamp="2024-05-20T14:10:11 IST" skipped="0">
  <testcase classname="testCases.TC_003_LogoutTest" name="profile_setting_icon" time="6.825"/>
</testsuite> <!-- testCases.TC_003_LogoutTest -->
