<?xml version="1.0" encoding="UTF-8"?>
<!-- Generated by org.testng.reporters.JUnitReportReporter -->
<testsuite hostname="DESKTOP-RJCO49F" failures="0" tests="1" name="testCases.TC_003_LogoutTest" time="7.139" errors="0" timestamp="2024-05-06T17:29:10 IST" skipped="0">
  <testcase classname="testCases.TC_003_LogoutTest" name="profile_setting_icon" time="7.139"/>
</testsuite> <!-- testCases.TC_003_LogoutTest -->
